<?xml version="1.0" encoding="UTF-8"?>
<!-- Generated by org.testng.reporters.JUnitXMLReporter -->
<testsuite ignored="0" hostname="DESKTOP-AOC3EGS" failures="0" tests="4" name="Default test" time="14.174" errors="0" timestamp="2023-07-25T13:55:15 IST">
  <testcase classname="TestNG.Annotationandpriority" name="openApp" time="9.794"/>
  <testcase classname="TestNG.Annotationandpriority" name="login" time="3.759"/>
  <testcase classname="TestNG.Annotationandpriority" name="Search" time="0.017"/>
  <testcase classname="TestNG.Annotationandpriority" name="Teardown" time="0.387"/>
</testsuite> <!-- Default test -->
