<?xml version="1.0" encoding="UTF-8"?>
<!-- Generated by org.testng.reporters.JUnitXMLReporter -->
<testsuite ignored="0" hostname="DESKTOP-AOC3EGS" failures="0" tests="4" name="chrome Test" time="15.518" errors="0" timestamp="2023-07-07T23:33:23 IST">
  <testcase classname="TestNG.ParallerTesting" name="OpenApp" time="11.349"/>
  <testcase classname="TestNG.ParallerTesting" name="login" time="3.777"/>
  <testcase classname="TestNG.ParallerTesting" name="Search" time="0.003"/>
  <testcase classname="TestNG.ParallerTesting" name="CloseApp" time="0.244"/>
</testsuite> <!-- chrome Test -->
