<?xml version="1.0" encoding="UTF-8"?>
<!-- Generated by org.testng.reporters.JUnitXMLReporter -->
<testsuite ignored="0" hostname="DESKTOP-AOC3EGS" failures="0" tests="4" name="Edge Test" time="18.698" errors="0" timestamp="2023-07-07T23:33:26 IST">
  <testcase classname="TestNG.ParallerTesting" name="OpenApp" time="12.104"/>
  <testcase classname="TestNG.ParallerTesting" name="login" time="6.198"/>
  <testcase classname="TestNG.ParallerTesting" name="Search" time="0.002"/>
  <testcase classname="TestNG.ParallerTesting" name="CloseApp" time="0.277"/>
</testsuite> <!-- Edge Test -->
