<?xml version="1.0" encoding="UTF-8"?>
<!-- Generated by org.testng.reporters.JUnitXMLReporter -->
<testsuite ignored="0" hostname="DESKTOP-AOC3EGS" failures="0" tests="4" name="Test" time="14.264" errors="0" timestamp="2023-07-25T13:57:53 IST">
  <testcase classname="TestNG.Annotationandpriority" name="openApp" time="9.549"/>
  <testcase classname="TestNG.Annotationandpriority" name="login" time="4.302"/>
  <testcase classname="TestNG.Annotationandpriority" name="Search" time="0.008"/>
  <testcase classname="TestNG.Annotationandpriority" name="Teardown" time="0.288"/>
</testsuite> <!-- Test -->
