<?xml version="1.0" encoding="UTF-8"?>
<testng-results ignored="0" total="4" passed="4" failed="0" skipped="0">
  <reporter-output>
  </reporter-output>
  <suite started-at="2023-07-25T13:57:39 IST" name="Suite" finished-at="2023-07-25T13:57:53 IST" duration-ms="14264">
    <groups>
    </groups>
    <test started-at="2023-07-25T13:57:39 IST" name="Test" finished-at="2023-07-25T13:57:53 IST" duration-ms="14264">
      <class name="TestNG.Annotationandpriority">
        <test-method signature="openApp()[pri:1, instance:TestNG.Annotationandpriority@15ff3e9e]" started-at="2023-07-25T13:57:39 IST" name="openApp" finished-at="2023-07-25T13:57:49 IST" duration-ms="9549" status="PASS">
          <reporter-output>
          </reporter-output>
        </test-method> <!-- openApp -->
        <test-method signature="login()[pri:2, instance:TestNG.Annotationandpriority@15ff3e9e]" started-at="2023-07-25T13:57:49 IST" name="login" finished-at="2023-07-25T13:57:53 IST" depends-on-methods="TestNG.Annotationandpriority.openApp" duration-ms="4302" status="PASS">
          <reporter-output>
          </reporter-output>
        </test-method> <!-- login -->
        <test-method signature="Search()[pri:3, instance:TestNG.Annotationandpriority@15ff3e9e]" started-at="2023-07-25T13:57:53 IST" name="Search" finished-at="2023-07-25T13:57:53 IST" depends-on-methods="TestNG.Annotationandpriority.login" duration-ms="8" status="PASS">
          <reporter-output>
          </reporter-output>
        </test-method> <!-- Search -->
        <test-method signature="Teardown()[pri:4, instance:TestNG.Annotationandpriority@15ff3e9e]" started-at="2023-07-25T13:57:53 IST" name="Teardown" finished-at="2023-07-25T13:57:53 IST" depends-on-methods="TestNG.Annotationandpriority.openApp" duration-ms="288" status="PASS">
          <reporter-output>
          </reporter-output>
        </test-method> <!-- Teardown -->
      </class> <!-- TestNG.Annotationandpriority -->
    </test> <!-- Test -->
  </suite> <!-- Suite -->
</testng-results>
