<?xml version="1.0" encoding="UTF-8"?>
<testng-results ignored="0" total="4" passed="4" failed="0" skipped="0">
  <reporter-output>
  </reporter-output>
  <suite started-at="2023-07-25T13:55:01 IST" name="Default suite" finished-at="2023-07-25T13:55:15 IST" duration-ms="14174">
    <groups>
    </groups>
    <test started-at="2023-07-25T13:55:01 IST" name="Default test" finished-at="2023-07-25T13:55:15 IST" duration-ms="14174">
      <class name="TestNG.Annotationandpriority">
        <test-method signature="openApp()[pri:1, instance:TestNG.Annotationandpriority@55141def]" started-at="2023-07-25T13:55:01 IST" name="openApp" finished-at="2023-07-25T13:55:11 IST" duration-ms="9794" status="PASS">
          <reporter-output>
          </reporter-output>
        </test-method> <!-- openApp -->
        <test-method signature="login()[pri:2, instance:TestNG.Annotationandpriority@55141def]" started-at="2023-07-25T13:55:11 IST" name="login" finished-at="2023-07-25T13:55:14 IST" depends-on-methods="TestNG.Annotationandpriority.openApp" duration-ms="3759" status="PASS">
          <reporter-output>
          </reporter-output>
        </test-method> <!-- login -->
        <test-method signature="Search()[pri:3, instance:TestNG.Annotationandpriority@55141def]" started-at="2023-07-25T13:55:14 IST" name="Search" finished-at="2023-07-25T13:55:14 IST" depends-on-methods="TestNG.Annotationandpriority.login" duration-ms="17" status="PASS">
          <reporter-output>
          </reporter-output>
        </test-method> <!-- Search -->
        <test-method signature="Teardown()[pri:4, instance:TestNG.Annotationandpriority@55141def]" started-at="2023-07-25T13:55:14 IST" name="Teardown" finished-at="2023-07-25T13:55:15 IST" depends-on-methods="TestNG.Annotationandpriority.openApp" duration-ms="387" status="PASS">
          <reporter-output>
          </reporter-output>
        </test-method> <!-- Teardown -->
      </class> <!-- TestNG.Annotationandpriority -->
    </test> <!-- Default test -->
  </suite> <!-- Default suite -->
</testng-results>
